<?xml version="1.0" encoding="UTF-8"?>
<testsuite name="com.openapi.openapigendemo.OpenapiGenDemoApplicationTests" tests="1" skipped="0" failures="0" errors="0" timestamp="2023-06-07T03:30:43" hostname="Vigneshbabu-Latitude-3520" time="0.622">
  <properties/>
  <testcase name="contextLoads()" classname="com.openapi.openapigendemo.OpenapiGenDemoApplicationTests" time="0.622"/>
  <system-out><![CDATA[09:00:41.850 [Test worker] INFO org.springframework.test.context.support.AnnotationConfigContextLoaderUtils -- Could not detect default configuration classes for test class [com.openapi.openapigendemo.OpenapiGenDemoApplicationTests]: OpenapiGenDemoApplicationTests does not declare any static, non-private, non-final, nested classes annotated with @Configuration.
09:00:41.950 [Test worker] INFO org.springframework.boot.test.context.SpringBootTestContextBootstrapper -- Found @SpringBootConfiguration com.openapi.openapigendemo.OpenapiGenDemoApplication for test class com.openapi.openapigendemo.OpenapiGenDemoApplicationTests

  .   ____          _            __ _ _
 /\\ / ___'_ __ _ _(_)_ __  __ _ \ \ \ \
( ( )\___ | '_ | '_| | '_ \/ _` | \ \ \ \
 \\/  ___)| |_)| | | | | || (_| |  ) ) ) )
  '  |____| .__|_| |_|_| |_\__, | / / / /
 =========|_|==============|___/=/_/_/_/
 :: Spring Boot ::                (v3.1.0)

2023-06-07T09:00:42.288+05:30  INFO 12173 --- [    Test worker] c.o.o.OpenapiGenDemoApplicationTests     : Starting OpenapiGenDemoApplicationTests using Java 17.0.7 with PID 12173 (started by vigneshbabu in /home/vigneshbabu/Documents/project/contrast-sec-prj-dir/open-api-demo/openapi-gradle-demo)
2023-06-07T09:00:42.290+05:30  INFO 12173 --- [    Test worker] c.o.o.OpenapiGenDemoApplicationTests     : No active profile set, falling back to 1 default profile: "default"
2023-06-07T09:00:43.692+05:30  INFO 12173 --- [    Test worker] c.o.o.OpenapiGenDemoApplicationTests     : Started OpenapiGenDemoApplicationTests in 1.623 seconds (process running for 2.556)
]]></system-out>
  <system-err><![CDATA[]]></system-err>
</testsuite>
